[debug] [2025-09-05T07:36:28.800Z] ----------------------------------------------------------------------
[debug] [2025-09-05T07:36:28.802Z] Command:       C:\nvm4w\nodejs\node.exe C:\nvm4w\nodejs\node_modules\firebase-tools\lib\bin\firebase.js init
[debug] [2025-09-05T07:36:28.803Z] CLI Version:   14.15.2
[debug] [2025-09-05T07:36:28.803Z] Platform:      win32
[debug] [2025-09-05T07:36:28.803Z] Node Version:  v22.19.0
[debug] [2025-09-05T07:36:28.803Z] Time:          Fri Sep 05 2025 13:06:28 GMT+0530 (India Standard Time)
[debug] [2025-09-05T07:36:28.803Z] ----------------------------------------------------------------------
[debug] 
[debug] [2025-09-05T07:36:28.808Z] > command requires scopes: ["email","openid","https://www.googleapis.com/auth/cloudplatformprojects.readonly","https://www.googleapis.com/auth/firebase","https://www.googleapis.com/auth/cloud-platform"]
[debug] [2025-09-05T07:36:28.808Z] > authorizing via signed-in user (rahulporel51@gmail.com)
[info] 
     ######## #### ########  ######## ########     ###     ######  ########
     ##        ##  ##     ## ##       ##     ##  ##   ##  ##       ##
     ######    ##  ########  ######   ########  #########  ######  ######
     ##        ##  ##    ##  ##       ##     ## ##     ##       ## ##
     ##       #### ##     ## ######## ########  ##     ##  ######  ########

You're about to initialize a Firebase project in this directory:

  G:\DEV\Personal Projects\Full Stack Projects\tictactoeV1.9\tictactoev1

[debug] [2025-09-05T11:30:53.982Z] ExitPromptError: User force closed the prompt with SIGINT
    at Interface.sigint (C:\Users\Rahul Porel\AppData\Local\nvm\v22.19.0\node_modules\firebase-tools\node_modules\@inquirer\core\dist\commonjs\lib\create-prompt.js:101:37)
    at Interface.emit (node:events:519:28)
    at Interface.emit (node:domain:489:12)
    at [_ttyWrite] [as _ttyWrite] (node:internal/readline/interface:1132:18)
    at ReadStream.onkeypress (node:internal/readline/interface:271:20)
    at ReadStream.emit (node:events:531:35)
    at ReadStream.emit (node:domain:489:12)
    at emitKeys (node:internal/readline/utils:370:14)
    at emitKeys.next (<anonymous>)
    at ReadStream.onData (node:internal/readline/emitKeypressEvents:64:36)
[error] 
[error] Error: An unexpected error has occurred.
